<?xml version="1.0" encoding="UTF-8"?>
<!-- Generated by org.testng.reporters.JUnitReportReporter -->
<testsuite hostname="DDC5-L-11HWT93" failures="0" tests="6" name="Runner.RunCukesTest" time="0.069" errors="0" timestamp="22 Jul 2021 09:11:53 GMT">
  <testcase classname="Runner.RunCukesTest" name="feature" time="0.033"/>
  <testcase classname="Runner.RunCukesTest" name="feature" time="0.004"/>
  <testcase classname="Runner.RunCukesTest" name="feature" time="0.007"/>
  <testcase classname="Runner.RunCukesTest" name="feature" time="0.012"/>
  <testcase classname="Runner.RunCukesTest" name="feature" time="0.010"/>
  <testcase classname="Runner.RunCukesTest" name="feature" time="0.003"/>
</testsuite> <!-- Runner.RunCukesTest -->
